#
# There is insufficient memory for the Java Runtime Environment to continue.
# Native memory allocation (mmap) failed to map 264241152 bytes for G1 virtual space
# Possible reasons:
#   The system is out of physical RAM or swap space
#   The process is running with CompressedOops enabled, and the Java Heap may be blocking the growth of the native heap
# Possible solutions:
#   Reduce memory load on the system
#   Increase physical memory or swap space
#   Check if swap backing store is full
#   Decrease Java heap size (-Xmx/-Xms)
#   Decrease number of Java threads
#   Decrease Java thread stack sizes (-Xss)
#   Set larger code cache with -XX:ReservedCodeCacheSize=
#   JVM is running with Zero Based Compressed Oops mode in which the Java heap is
#     placed in the first 32GB address space. The Java Heap base address is the
#     maximum limit for the native heap growth. Please use -XX:HeapBaseMinAddress
#     to set the Java Heap base and to place the Java Heap above 32GB virtual address.
# This output file may be truncated or incomplete.
#
#  Out of Memory Error (os_windows.cpp:3829), pid=6916, tid=11296
#
# JRE version:  (17.0.8+7) (build )
# Java VM: OpenJDK 64-Bit Server VM (17.0.8+7-b1000.22, mixed mode, sharing, tiered, compressed oops, compressed class ptrs, g1 gc, windows-amd64)
# No core dump will be written. Minidumps are not enabled by default on client versions of Windows
#

---------------  S U M M A R Y ------------

Command Line: git4idea.http.GitAskPassApp Username for 'https://github.com': 

Host: Intel(R) Core(TM) i5-4690 CPU @ 3.50GHz, 4 cores, 15G,  Windows 10 , 64 bit Build 19041 (10.0.19041.3636)
Time: Wed Feb 14 15:45:31 2024  Windows 10 , 64 bit Build 19041 (10.0.19041.3636) elapsed time: 0.019037 seconds (0d 0h 0m 0s)

---------------  T H R E A D  ---------------

Current thread (0x0000022207ae1a20):  JavaThread "Unknown thread" [_thread_in_vm, id=11296, stack(0x00000081ad800000,0x00000081ad900000)]

Stack: [0x00000081ad800000,0x00000081ad900000]
Native frames: (J=compiled Java code, j=interpreted, Vv=VM code, C=native code)
V  [jvm.dll+0x6852da]
V  [jvm.dll+0x844c84]
V  [jvm.dll+0x84659e]
V  [jvm.dll+0x846c03]
V  [jvm.dll+0x24b7cf]
V  [jvm.dll+0x682049]
V  [jvm.dll+0x67671a]
V  [jvm.dll+0x30be2b]
V  [jvm.dll+0x3132d6]
V  [jvm.dll+0x36302e]
V  [jvm.dll+0x36325f]
V  [jvm.dll+0x2e1f48]
V  [jvm.dll+0x2e2eb4]
V  [jvm.dll+0x815c11]
V  [jvm.dll+0x370df1]
V  [jvm.dll+0x7f4fdc]
V  [jvm.dll+0x3f3f1f]
V  [jvm.dll+0x3f5b31]
C  [jli.dll+0x528f]
C  [ucrtbase.dll+0x21bb2]
C  [KERNEL32.DLL+0x17344]
C  [ntdll.dll+0x526b1]


---------------  P R O C E S S  ---------------

Threads class SMR info:
_java_thread_list=0x00007fff52750098, length=0, elements={
}

Java Threads: ( => current thread )

Other Threads:
  0x0000022207b4a6d0 GCTaskThread "GC Thread#0" [stack: 0x00000081ad900000,0x00000081ada00000] [id=9412]
  0x0000022207b5b120 ConcurrentGCThread "G1 Main Marker" [stack: 0x00000081ada00000,0x00000081adb00000] [id=13420]
  0x0000022207b5c2d0 ConcurrentGCThread "G1 Conc#0" [stack: 0x00000081adb00000,0x00000081adc00000] [id=12236]

[error occurred during error reporting (printing all threads), id 0xc0000005, EXCEPTION_ACCESS_VIOLATION (0xc0000005) at pc=0x00007fff51f02ab7]

VM state: not at safepoint (not fully initialized)

VM Mutex/Monitor currently owned by a thread:  ([mutex/lock_event])
[0x0000022207adcc90] Heap_lock - owner thread: 0x0000022207ae1a20

Heap address: 0x0000000705000000, size: 4016 MB, Compressed Oops mode: Zero based, Oop shift amount: 3

CDS archive(s) mapped at: [0x0000000000000000-0x0000000000000000-0x0000000000000000), size 0, SharedBaseAddress: 0x0000000800000000, ArchiveRelocationMode: 1.
Narrow klass base: 0x0000000000000000, Narrow klass shift: 0, Narrow klass range: 0x0

GC Precious Log:
<Empty>

Heap:
 garbage-first heap   total 0K, used 0K [0x0000000705000000, 0x0000000800000000)
  region size 2048K, 0 young (0K), 0 survivors (0K)
 Metaspace       used 0K, committed 0K, reserved 0K
  class space    used 0K, committed 0K, reserved 0K

Heap Regions: E=young(eden), S=young(survivor), O=old, HS=humongous(starts), HC=humongous(continues), CS=collection set, F=free, OA=open archive, CA=closed archive, TAMS=top-at-mark-start (previous, next)

Card table byte_map: [0x000002221aa30000,0x000002221b210000] _byte_map_base: 0x0000022217208000

Marking Bits (Prev, Next): (CMBitMap*) 0x0000022207b4acf0, (CMBitMap*) 0x0000022207b4ad30
 Prev Bits: [0x000002221b9f0000, 0x000002221f8b0000)
 Next Bits: [0x000002221f8b0000, 0x0000022223770000)

GC Heap History (0 events):
No events

Dll operation events (1 events):
Event: 0.010 Loaded shared library C:\Program Files\JetBrains\IntelliJ IDEA 2023.2.2\jbr\bin\java.dll

Deoptimization events (0 events):
No events

Classes unloaded (0 events):
No events

Classes redefined (0 events):
No events

Internal exceptions (0 events):
No events

VM Operations (0 events):
No events

Events (0 events):
No events


Dynamic libraries:
0x00007ff77ab20000 - 0x00007ff77ab2a000 	C:\Program Files\JetBrains\IntelliJ IDEA 2023.2.2\jbr\bin\java.exe
0x00007fffb9e30000 - 0x00007fffba028000 	C:\Windows\SYSTEM32\ntdll.dll
0x00007fffb88e0000 - 0x00007fffb899d000 	C:\Windows\System32\KERNEL32.DLL
0x00007fffb76e0000 - 0x00007fffb79d6000 	C:\Windows\System32\KERNELBASE.dll
0x00007fffb7d80000 - 0x00007fffb7e80000 	C:\Windows\System32\ucrtbase.dll
0x00007fff9d990000 - 0x00007fff9d9ab000 	C:\Program Files\JetBrains\IntelliJ IDEA 2023.2.2\jbr\bin\VCRUNTIME140.dll
0x00007fff5e260000 - 0x00007fff5e277000 	C:\Program Files\JetBrains\IntelliJ IDEA 2023.2.2\jbr\bin\jli.dll
0x00007fffb8b10000 - 0x00007fffb8cae000 	C:\Windows\System32\USER32.dll
0x00007fffb7500000 - 0x00007fffb7522000 	C:\Windows\System32\win32u.dll
0x00007fffb88b0000 - 0x00007fffb88dc000 	C:\Windows\System32\GDI32.dll
0x00007fffa1dd0000 - 0x00007fffa206a000 	C:\Windows\WinSxS\amd64_microsoft.windows.common-controls_6595b64144ccf1df_6.0.19041.3636_none_60b6a03d71f818d5\COMCTL32.dll
0x00007fffb7a90000 - 0x00007fffb7baa000 	C:\Windows\System32\gdi32full.dll
0x00007fffb8030000 - 0x00007fffb80ce000 	C:\Windows\System32\msvcrt.dll
0x00007fffb75c0000 - 0x00007fffb765d000 	C:\Windows\System32\msvcp_win.dll
0x00007fffb9d00000 - 0x00007fffb9d30000 	C:\Windows\System32\IMM32.DLL
0x00007fff9d980000 - 0x00007fff9d98c000 	C:\Program Files\JetBrains\IntelliJ IDEA 2023.2.2\jbr\bin\vcruntime140_1.dll
0x00007fff5b9f0000 - 0x00007fff5ba7d000 	C:\Program Files\JetBrains\IntelliJ IDEA 2023.2.2\jbr\bin\msvcp140.dll
0x00007fff51c10000 - 0x00007fff52893000 	C:\Program Files\JetBrains\IntelliJ IDEA 2023.2.2\jbr\bin\server\jvm.dll
0x00007fffb8e30000 - 0x00007fffb8ee3000 	C:\Windows\System32\ADVAPI32.dll
0x00007fffb8a50000 - 0x00007fffb8aef000 	C:\Windows\System32\sechost.dll
0x00007fffb8ef0000 - 0x00007fffb9016000 	C:\Windows\System32\RPCRT4.dll
0x00007fffb76b0000 - 0x00007fffb76d7000 	C:\Windows\System32\bcrypt.dll
0x00007fffb6e30000 - 0x00007fffb6e7b000 	C:\Windows\SYSTEM32\POWRPROF.dll
0x00007fffab610000 - 0x00007fffab619000 	C:\Windows\SYSTEM32\WSOCK32.dll
0x00007fffb9030000 - 0x00007fffb909b000 	C:\Windows\System32\WS2_32.dll
0x00007fffa8310000 - 0x00007fffa8337000 	C:\Windows\SYSTEM32\WINMM.dll
0x00007fffa91d0000 - 0x00007fffa91da000 	C:\Windows\SYSTEM32\VERSION.dll
0x00007fffb6de0000 - 0x00007fffb6df2000 	C:\Windows\SYSTEM32\UMPDC.dll
0x00007fffb5390000 - 0x00007fffb53a2000 	C:\Windows\SYSTEM32\kernel.appcore.dll
0x00007fffa8c40000 - 0x00007fffa8c4a000 	C:\Program Files\JetBrains\IntelliJ IDEA 2023.2.2\jbr\bin\jimage.dll
0x00007fffa7600000 - 0x00007fffa77e4000 	C:\Windows\SYSTEM32\DBGHELP.DLL
0x00007fffa6790000 - 0x00007fffa67c4000 	C:\Windows\SYSTEM32\dbgcore.DLL
0x00007fffb7530000 - 0x00007fffb75b2000 	C:\Windows\System32\bcryptPrimitives.dll
0x00007fff61830000 - 0x00007fff61855000 	C:\Program Files\JetBrains\IntelliJ IDEA 2023.2.2\jbr\bin\java.dll

dbghelp: loaded successfully - version: 4.0.5 - missing functions: none
symbol engine: initialized successfully - sym options: 0x614 - pdb path: .;C:\Program Files\JetBrains\IntelliJ IDEA 2023.2.2\jbr\bin;C:\Windows\SYSTEM32;C:\Windows\WinSxS\amd64_microsoft.windows.common-controls_6595b64144ccf1df_6.0.19041.3636_none_60b6a03d71f818d5;C:\Program Files\JetBrains\IntelliJ IDEA 2023.2.2\jbr\bin\server

VM Arguments:
java_command: git4idea.http.GitAskPassApp Username for 'https://github.com': 
java_class_path (initial): C:/Program Files/JetBrains/IntelliJ IDEA 2023.2.2/plugins/vcs-git/lib/git4idea-rt.jar;C:/Program Files/JetBrains/IntelliJ IDEA 2023.2.2/lib/externalProcess-rt.jar
Launcher Type: SUN_STANDARD

[Global flags]
     intx CICompilerCount                          = 3                                         {product} {ergonomic}
     uint ConcGCThreads                            = 1                                         {product} {ergonomic}
     uint G1ConcRefinementThreads                  = 4                                         {product} {ergonomic}
   size_t G1HeapRegionSize                         = 2097152                                   {product} {ergonomic}
    uintx GCDrainStackTargetSize                   = 64                                        {product} {ergonomic}
   size_t InitialHeapSize                          = 264241152                                 {product} {ergonomic}
   size_t MarkStackSize                            = 4194304                                   {product} {ergonomic}
   size_t MaxHeapSize                              = 4211081216                                {product} {ergonomic}
   size_t MinHeapDeltaBytes                        = 2097152                                   {product} {ergonomic}
   size_t MinHeapSize                              = 8388608                                   {product} {ergonomic}
    uintx NonNMethodCodeHeapSize                   = 5832780                                {pd product} {ergonomic}
    uintx NonProfiledCodeHeapSize                  = 122912730                              {pd product} {ergonomic}
    uintx ProfiledCodeHeapSize                     = 122912730                              {pd product} {ergonomic}
    uintx ReservedCodeCacheSize                    = 251658240                              {pd product} {ergonomic}
     bool SegmentedCodeCache                       = true                                      {product} {ergonomic}
   size_t SoftMaxHeapSize                          = 4211081216                             {manageable} {ergonomic}
     bool UseCompressedClassPointers               = true                           {product lp64_product} {ergonomic}
     bool UseCompressedOops                        = true                           {product lp64_product} {ergonomic}
     bool UseG1GC                                  = true                                      {product} {ergonomic}
     bool UseLargePagesIndividualAllocation        = false                                  {pd product} {ergonomic}

Logging:
Log output configuration:
 #0: stdout all=warning uptime,level,tags
 #1: stderr all=off uptime,level,tags

Environment Variables:
JAVA_HOME=C:\Program Files\Eclipse Adoptium\jdk-17.0.9.9-hotspot
PATH=C:\Program Files\Git\mingw64\libexec\git-core;C:\Program Files\Git\mingw64\libexec\git-core;C:\Program Files\Git\mingw64\bin;C:\Program Files\Git\usr\bin;C:\Users\hi\bin;C:\Program Files\Eclipse Adoptium\jdk-17.0.9.9-hotspot\bin;C:\Program Files (x86)\Common Files\Intel\Shared Libraries\redist\intel64\compiler;C:\Windows\system32;C:\Windows;C:\Windows\System32\Wbem;C:\Windows\System32\WindowsPowerShell\v1.0;C:\Windows\System32\OpenSSH;C:\Program Files (x86)\Microsoft SQL Server\100\Tools\Binn;C:\Program Files\Microsoft SQL Server\100\Tools\Binn;C:\Program Files\Microsoft SQL Server\100\DTS\Binn;C:\Program Files\Eclipse Adoptium\jdk-17.0.9.9-hotspot\bin;C:\Program Files\Git\cmd;C:\Program Files\nodejs;C:\Program Files\Docker\Docker\resources\bin;C:\Program Files (x86)\PuTTY;C:\Program Files\MySQL\MySQL Server 8.0\bin;C:\Program Files (x86)\Common Files\Intel\Shared Libraries\redist\intel64\compiler;C:\Windows\system32;C:\Windows;C:\Windows\System32\Wbem;C:\Windows\System32\WindowsPowerShell\v1.0;C:\Windows\System32\OpenSSH;C:\Program Files (x86)\Microsoft SQL Server\100\Tools\Binn;C:\Program Files\Microsoft SQL Server\100\Tools\Binn;C:\Program Files\Microsoft SQL Server\100\DTS\Binn;C:\Program Files\ojdkbuild\java-11-openjdk-11.0.15-1\bin;C:\Program Files\Git\cmd;C:\Users\hi\AppData\Local\Microsoft\WindowsApps;C:\Users\hi\AppData\Local\Programs\Microsoft VS Code\bin;C:\Users\hi\AppData\Roaming\npm
USERNAME=hi
DISPLAY=:0.0
LC_ALL=en_US.UTF-8
TERM=xterm-256color
TMPDIR=C:\Users\hi\AppData\Local\Temp
OS=Windows_NT
PROCESSOR_IDENTIFIER=Intel64 Family 6 Model 60 Stepping 3, GenuineIntel
TMP=C:\Users\hi\AppData\Local\Temp
TEMP=C:\Users\hi\AppData\Local\Temp


JNI global refs:
JNI global refs: 0, weak refs: 0

JNI global refs memory usage: 0, weak refs: 0

OOME stack traces (most recent first):
Classloader memory used:


---------------  S Y S T E M  ---------------

OS:
 Windows 10 , 64 bit Build 19041 (10.0.19041.3636)
OS uptime: 0 days 6:21 hours
Hyper-V role detected

CPU: total 4 (initial active 4) (4 cores per cpu, 1 threads per core) family 6 model 60 stepping 3 microcode 0x27, cx8, cmov, fxsr, mmx, sse, sse2, sse3, ssse3, sse4.1, sse4.2, popcnt, lzcnt, tsc, tscinvbit, avx, avx2, aes, erms, clmul, bmi1, bmi2, fma, vzeroupper, clflush, hv
Processor Information for all 4 processors :
  Max Mhz: 3501, Current Mhz: 3501, Mhz Limit: 3501

Memory: 4k page, system-wide physical 16057M (5701M free)
TotalPageFile size 40800M (AvailPageFile size 58M)
current process WorkingSet (physical memory assigned to process): 10M, peak: 10M
current process commit charge ("private bytes"): 52M, peak: 303M

vm_info: OpenJDK 64-Bit Server VM (17.0.8+7-b1000.22) for windows-amd64 JRE (17.0.8+7-b1000.22), built on 2023-09-02 by "builduser" with MS VC++ 16.10 / 16.11 (VS2019)

END.
